C:\Program Files (x86)\MSBuild\Microsoft.Cpp\v4.0\V140\Microsoft.CppBuild.targets(368,5): warning MSB8004: Output Directory does not end with a trailing slash.  This build instance will add the slash as it is required to allow proper evaluation of the Output Directory.
  WindowScale.c
  TCP_Test.c
  TCP_Socket.c
  TCP_Packet.c
  TCP_Outgoing.c
  TCP_NetworkInterface.c
  TCP_Incoming.c
  TCP_Enum.c
  TCP_Connection.c
  TCP_ApplicationInterface.c
  TCP.c
c:\users\tetcos\downloads\ddos\ddos_in_iot_32bit_10.2\ddos_in_iot_32bit_10.2\code_32bit\tcp\tcp.c(19): warning C4028: formal parameter 1 different from declaration
c:\users\tetcos\downloads\ddos\ddos_in_iot_32bit_10.2\ddos_in_iot_32bit_10.2\code_32bit\tcp\tcp.c(210): warning C4013: 'syn_flood' undefined; assuming extern returning int
  TCB.c
  SYN_flood.c
c:\users\tetcos\downloads\ddos\ddos_in_iot_32bit_10.2\ddos_in_iot_32bit_10.2\code_32bit\tcp\syn_flood.c(34): warning C4013: 'socket_creation' undefined; assuming extern returning int
c:\users\tetcos\downloads\ddos\ddos_in_iot_32bit_10.2\ddos_in_iot_32bit_10.2\code_32bit\tcp\syn_flood.c(34): warning C4047: '=': 'PNETSIM_SOCKET' differs in levels of indirection from 'int'
c:\users\tetcos\downloads\ddos\ddos_in_iot_32bit_10.2\ddos_in_iot_32bit_10.2\code_32bit\tcp\syn_flood.c(98): warning C4047: 'return': 'int' differs in levels of indirection from 'PNETSIM_SOCKET'
  SACK.c
  RTO.c
  DelayedAck.c
  CUBIC.c
  Congestion.c
c:\users\tetcos\downloads\ddos\ddos_in_iot_32bit_10.2\ddos_in_iot_32bit_10.2\code_32bit\tcp\congestion.c(409): warning C4018: '<': signed/unsigned mismatch
  Generating Code...
Congestion.obj : warning LNK4075: ignoring '/EDITANDCONTINUE' due to '/OPT:LBR' specification
  TCP.lib(TCPLib.obj) : MSIL .netmodule or module compiled with /GL found; restarting link with /LTCG; add /LTCG to the link command line to improve linker performance
Congestion.obj : warning LNK4075: ignoring '/EDITANDCONTINUE' due to '/OPT:LBR' specification
     Creating library ..\Dll\libTCP.lib and object ..\Dll\libTCP.exp
LINK : warning LNK4098: defaultlib 'MSVCRT' conflicts with use of other libs; use /NODEFAULTLIB:library
  Generating code
  Finished generating code
TCP.lib(TCPLib.obj) : warning LNK4099: PDB 'TCPLib.pdb' was not found with 'TCP.lib(TCPLib.obj)' or at 'C:\Users\TETCOS\Downloads\DDOS\ddos_in_iot_32bit_10.2\ddos_in_iot_32bit_10.2\Code_32bit\Dll\TCPLib.pdb'; linking object as if no debug info
list.lib(List.obj) : warning LNK4099: PDB 'List.pdb' was not found with 'list.lib(List.obj)' or at 'C:\Users\TETCOS\Downloads\DDOS\ddos_in_iot_32bit_10.2\ddos_in_iot_32bit_10.2\Code_32bit\Dll\List.pdb'; linking object as if no debug info
  TCP.vcxproj -> C:\Users\TETCOS\Downloads\DDOS\ddos_in_iot_32bit_10.2\ddos_in_iot_32bit_10.2\Code_32bit\TCP\..\Dll\libTCP.dll
  TCP.vcxproj -> ..\Dll\libTCP.pdb (Full PDB)
