c:\users\tetcos\downloads\ddos\ddos_in_iot_64bit_10.2\ddos_in_iot_64bit_10.2\code_64bit\tcp\x64\debug\vc140.pdb
c:\users\tetcos\downloads\ddos\ddos_in_iot_64bit_10.2\ddos_in_iot_64bit_10.2\code_64bit\tcp\x64\debug\vc140.idb
c:\users\tetcos\downloads\ddos\ddos_in_iot_64bit_10.2\ddos_in_iot_64bit_10.2\code_64bit\tcp\x64\debug\congestion.obj
c:\users\tetcos\downloads\ddos\ddos_in_iot_64bit_10.2\ddos_in_iot_64bit_10.2\code_64bit\tcp\x64\debug\cubic.obj
c:\users\tetcos\downloads\ddos\ddos_in_iot_64bit_10.2\ddos_in_iot_64bit_10.2\code_64bit\tcp\x64\debug\delayedack.obj
c:\users\tetcos\downloads\ddos\ddos_in_iot_64bit_10.2\ddos_in_iot_64bit_10.2\code_64bit\tcp\x64\debug\rto.obj
c:\users\tetcos\downloads\ddos\ddos_in_iot_64bit_10.2\ddos_in_iot_64bit_10.2\code_64bit\tcp\x64\debug\sack.obj
c:\users\tetcos\downloads\ddos\ddos_in_iot_64bit_10.2\ddos_in_iot_64bit_10.2\code_64bit\tcp\x64\debug\syn_flood.obj
c:\users\tetcos\downloads\ddos\ddos_in_iot_64bit_10.2\ddos_in_iot_64bit_10.2\code_64bit\tcp\x64\debug\tcb.obj
c:\users\tetcos\downloads\ddos\ddos_in_iot_64bit_10.2\ddos_in_iot_64bit_10.2\code_64bit\tcp\x64\debug\tcp.obj
c:\users\tetcos\downloads\ddos\ddos_in_iot_64bit_10.2\ddos_in_iot_64bit_10.2\code_64bit\tcp\x64\debug\tcp_applicationinterface.obj
c:\users\tetcos\downloads\ddos\ddos_in_iot_64bit_10.2\ddos_in_iot_64bit_10.2\code_64bit\tcp\x64\debug\tcp_connection.obj
c:\users\tetcos\downloads\ddos\ddos_in_iot_64bit_10.2\ddos_in_iot_64bit_10.2\code_64bit\tcp\x64\debug\tcp_enum.obj
c:\users\tetcos\downloads\ddos\ddos_in_iot_64bit_10.2\ddos_in_iot_64bit_10.2\code_64bit\tcp\x64\debug\tcp_incoming.obj
c:\users\tetcos\downloads\ddos\ddos_in_iot_64bit_10.2\ddos_in_iot_64bit_10.2\code_64bit\tcp\x64\debug\tcp_networkinterface.obj
c:\users\tetcos\downloads\ddos\ddos_in_iot_64bit_10.2\ddos_in_iot_64bit_10.2\code_64bit\tcp\x64\debug\tcp_outgoing.obj
c:\users\tetcos\downloads\ddos\ddos_in_iot_64bit_10.2\ddos_in_iot_64bit_10.2\code_64bit\tcp\x64\debug\tcp_packet.obj
c:\users\tetcos\downloads\ddos\ddos_in_iot_64bit_10.2\ddos_in_iot_64bit_10.2\code_64bit\tcp\x64\debug\tcp_socket.obj
c:\users\tetcos\downloads\ddos\ddos_in_iot_64bit_10.2\ddos_in_iot_64bit_10.2\code_64bit\tcp\x64\debug\tcp_test.obj
c:\users\tetcos\downloads\ddos\ddos_in_iot_64bit_10.2\ddos_in_iot_64bit_10.2\code_64bit\tcp\x64\debug\windowscale.obj
c:\users\tetcos\downloads\ddos\ddos_in_iot_64bit_10.2\ddos_in_iot_64bit_10.2\code_64bit\dll\libtcp.dll
c:\users\tetcos\downloads\ddos\ddos_in_iot_64bit_10.2\ddos_in_iot_64bit_10.2\code_64bit\dll\libtcp.pdb
c:\users\tetcos\downloads\ddos\ddos_in_iot_64bit_10.2\ddos_in_iot_64bit_10.2\code_64bit\dll\libtcp.lib
c:\users\tetcos\downloads\ddos\ddos_in_iot_64bit_10.2\ddos_in_iot_64bit_10.2\code_64bit\dll\libtcp.exp
c:\users\tetcos\downloads\ddos\ddos_in_iot_64bit_10.2\ddos_in_iot_64bit_10.2\code_64bit\tcp\..\dll\libtcp.dll
c:\users\tetcos\downloads\ddos\ddos_in_iot_64bit_10.2\ddos_in_iot_64bit_10.2\code_64bit\tcp\x64\debug\tcp.tlog\cl.command.1.tlog
c:\users\tetcos\downloads\ddos\ddos_in_iot_64bit_10.2\ddos_in_iot_64bit_10.2\code_64bit\tcp\x64\debug\tcp.tlog\cl.read.1.tlog
c:\users\tetcos\downloads\ddos\ddos_in_iot_64bit_10.2\ddos_in_iot_64bit_10.2\code_64bit\tcp\x64\debug\tcp.tlog\cl.write.1.tlog
c:\users\tetcos\downloads\ddos\ddos_in_iot_64bit_10.2\ddos_in_iot_64bit_10.2\code_64bit\tcp\x64\debug\tcp.tlog\link.command.1.tlog
c:\users\tetcos\downloads\ddos\ddos_in_iot_64bit_10.2\ddos_in_iot_64bit_10.2\code_64bit\tcp\x64\debug\tcp.tlog\link.read.1.tlog
c:\users\tetcos\downloads\ddos\ddos_in_iot_64bit_10.2\ddos_in_iot_64bit_10.2\code_64bit\tcp\x64\debug\tcp.tlog\link.write.1.tlog
c:\users\tetcos\downloads\ddos\ddos_in_iot_64bit_10.2\ddos_in_iot_64bit_10.2\code_64bit\tcp\x64\debug\tcp.tlog\tcp.write.1u.tlog
