c:\users\soniya\desktop\ddos_in_iot_10.2_64bit\code\tcp\x64\debug\vc140.pdb
c:\users\soniya\desktop\ddos_in_iot_10.2_64bit\code\tcp\x64\debug\vc140.idb
c:\users\soniya\desktop\ddos_in_iot_10.2_64bit\code\tcp\x64\debug\congestion.obj
c:\users\soniya\desktop\ddos_in_iot_10.2_64bit\code\tcp\x64\debug\cubic.obj
c:\users\soniya\desktop\ddos_in_iot_10.2_64bit\code\tcp\x64\debug\delayedack.obj
c:\users\soniya\desktop\ddos_in_iot_10.2_64bit\code\tcp\x64\debug\rto.obj
c:\users\soniya\desktop\ddos_in_iot_10.2_64bit\code\tcp\x64\debug\sack.obj
c:\users\soniya\desktop\ddos_in_iot_10.2_64bit\code\tcp\x64\debug\syn_flood.obj
c:\users\soniya\desktop\ddos_in_iot_10.2_64bit\code\tcp\x64\debug\tcb.obj
c:\users\soniya\desktop\ddos_in_iot_10.2_64bit\code\tcp\x64\debug\tcp.obj
c:\users\soniya\desktop\ddos_in_iot_10.2_64bit\code\tcp\x64\debug\tcp_applicationinterface.obj
c:\users\soniya\desktop\ddos_in_iot_10.2_64bit\code\tcp\x64\debug\tcp_connection.obj
c:\users\soniya\desktop\ddos_in_iot_10.2_64bit\code\tcp\x64\debug\tcp_enum.obj
c:\users\soniya\desktop\ddos_in_iot_10.2_64bit\code\tcp\x64\debug\tcp_incoming.obj
c:\users\soniya\desktop\ddos_in_iot_10.2_64bit\code\tcp\x64\debug\tcp_networkinterface.obj
c:\users\soniya\desktop\ddos_in_iot_10.2_64bit\code\tcp\x64\debug\tcp_outgoing.obj
c:\users\soniya\desktop\ddos_in_iot_10.2_64bit\code\tcp\x64\debug\tcp_packet.obj
c:\users\soniya\desktop\ddos_in_iot_10.2_64bit\code\tcp\x64\debug\tcp_socket.obj
c:\users\soniya\desktop\ddos_in_iot_10.2_64bit\code\tcp\x64\debug\tcp_test.obj
c:\users\soniya\desktop\ddos_in_iot_10.2_64bit\code\tcp\x64\debug\windowscale.obj
c:\users\soniya\desktop\ddos_in_iot_10.2_64bit\code\dll\libtcp.dll
c:\users\soniya\desktop\ddos_in_iot_10.2_64bit\code\dll\tcp.pdb
c:\users\soniya\desktop\ddos_in_iot_10.2_64bit\code\dll\tcp.lib
c:\users\soniya\desktop\ddos_in_iot_10.2_64bit\code\dll\tcp.exp
c:\users\soniya\desktop\ddos_in_iot_10.2_64bit\code\tcp\x64\debug\tcp.tlog\cl.command.1.tlog
c:\users\soniya\desktop\ddos_in_iot_10.2_64bit\code\tcp\x64\debug\tcp.tlog\cl.read.1.tlog
c:\users\soniya\desktop\ddos_in_iot_10.2_64bit\code\tcp\x64\debug\tcp.tlog\cl.write.1.tlog
c:\users\soniya\desktop\ddos_in_iot_10.2_64bit\code\tcp\x64\debug\tcp.tlog\link.command.1.tlog
c:\users\soniya\desktop\ddos_in_iot_10.2_64bit\code\tcp\x64\debug\tcp.tlog\link.read.1.tlog
c:\users\soniya\desktop\ddos_in_iot_10.2_64bit\code\tcp\x64\debug\tcp.tlog\link.write.1.tlog
c:\users\soniya\desktop\ddos_in_iot_10.2_64bit\code\tcp\x64\debug\tcp.tlog\tcp.write.1u.tlog
