c:\users\tetcos\downloads\ddos\ddos_in_iot_64bit_10.2\ddos_in_iot_64bit_10.2\code_64bit\ethernet\x64\debug\vc140.pdb
c:\users\tetcos\downloads\ddos\ddos_in_iot_64bit_10.2\ddos_in_iot_64bit_10.2\code_64bit\ethernet\x64\debug\vc140.idb
c:\users\tetcos\downloads\ddos\ddos_in_iot_64bit_10.2\ddos_in_iot_64bit_10.2\code_64bit\ethernet\x64\debug\ethernet.obj
c:\users\tetcos\downloads\ddos\ddos_in_iot_64bit_10.2\ddos_in_iot_64bit_10.2\code_64bit\ethernet\x64\debug\ethernet_enum.obj
c:\users\tetcos\downloads\ddos\ddos_in_iot_64bit_10.2\ddos_in_iot_64bit_10.2\code_64bit\ethernet\x64\debug\ethernet_mac.obj
c:\users\tetcos\downloads\ddos\ddos_in_iot_64bit_10.2\ddos_in_iot_64bit_10.2\code_64bit\ethernet\x64\debug\ethernet_phy.obj
c:\users\tetcos\downloads\ddos\ddos_in_iot_64bit_10.2\ddos_in_iot_64bit_10.2\code_64bit\ethernet\x64\debug\spanningtree.obj
c:\users\tetcos\downloads\ddos\ddos_in_iot_64bit_10.2\ddos_in_iot_64bit_10.2\code_64bit\ethernet\x64\debug\switchtable.obj
c:\users\tetcos\downloads\ddos\ddos_in_iot_64bit_10.2\ddos_in_iot_64bit_10.2\code_64bit\ethernet\x64\debug\vlan.obj
c:\users\tetcos\downloads\ddos\ddos_in_iot_64bit_10.2\ddos_in_iot_64bit_10.2\code_64bit\dll\ethernet.lib
c:\users\tetcos\downloads\ddos\ddos_in_iot_64bit_10.2\ddos_in_iot_64bit_10.2\code_64bit\dll\ethernet.exp
c:\users\tetcos\downloads\ddos\ddos_in_iot_64bit_10.2\ddos_in_iot_64bit_10.2\code_64bit\dll\libethernet.dll
c:\users\tetcos\downloads\ddos\ddos_in_iot_64bit_10.2\ddos_in_iot_64bit_10.2\code_64bit\dll\ethernet.pdb
c:\users\tetcos\downloads\ddos\ddos_in_iot_64bit_10.2\ddos_in_iot_64bit_10.2\code_64bit\ethernet\x64\debug\ethernet.tlog\cl.command.1.tlog
c:\users\tetcos\downloads\ddos\ddos_in_iot_64bit_10.2\ddos_in_iot_64bit_10.2\code_64bit\ethernet\x64\debug\ethernet.tlog\cl.read.1.tlog
c:\users\tetcos\downloads\ddos\ddos_in_iot_64bit_10.2\ddos_in_iot_64bit_10.2\code_64bit\ethernet\x64\debug\ethernet.tlog\cl.write.1.tlog
c:\users\tetcos\downloads\ddos\ddos_in_iot_64bit_10.2\ddos_in_iot_64bit_10.2\code_64bit\ethernet\x64\debug\ethernet.tlog\ethernet.write.1u.tlog
c:\users\tetcos\downloads\ddos\ddos_in_iot_64bit_10.2\ddos_in_iot_64bit_10.2\code_64bit\ethernet\x64\debug\ethernet.tlog\link.command.1.tlog
c:\users\tetcos\downloads\ddos\ddos_in_iot_64bit_10.2\ddos_in_iot_64bit_10.2\code_64bit\ethernet\x64\debug\ethernet.tlog\link.read.1.tlog
c:\users\tetcos\downloads\ddos\ddos_in_iot_64bit_10.2\ddos_in_iot_64bit_10.2\code_64bit\ethernet\x64\debug\ethernet.tlog\link.write.1.tlog
