C:\Program Files (x86)\MSBuild\Microsoft.Cpp\v4.0\V140\Microsoft.CppBuild.targets(368,5): warning MSB8004: Output Directory does not end with a trailing slash.  This build instance will add the slash as it is required to allow proper evaluation of the Output Directory.
  Vlan.c
  SwitchTable.c
  SpanningTree.c
  Ethernet_Phy.c
  Ethernet_Mac.c
  Ethernet_enum.c
  Ethernet.c
c:\users\tetcos\downloads\ddos\ddos_in_iot_64bit_10.2\ddos_in_iot_64bit_10.2\code_64bit\ethernet\ethernet.c(18): warning C4028: formal parameter 1 different from declaration
  Generating Code...
C:\Program Files (x86)\MSBuild\Microsoft.Cpp\v4.0\V140\Microsoft.CppBuild.targets(1189,5): warning MSB8012: TargetPath(C:\Users\TETCOS\Downloads\DDOS\ddos_in_iot_64bit_10.2\ddos_in_iot_64bit_10.2\Code_64bit\Ethernet\..\Dll\Ethernet.dll) does not match the Linker's OutputFile property value (C:\Users\TETCOS\Downloads\DDOS\ddos_in_iot_64bit_10.2\ddos_in_iot_64bit_10.2\Code_64bit\Dll\libEthernet.dll). This may cause your project to build incorrectly. To correct this, please make sure that $(OutDir), $(TargetName) and $(TargetExt) property values match the value specified in %(Link.OutputFile).
C:\Program Files (x86)\MSBuild\Microsoft.Cpp\v4.0\V140\Microsoft.CppBuild.targets(1191,5): warning MSB8012: TargetName(Ethernet) does not match the Linker's OutputFile property value (libEthernet). This may cause your project to build incorrectly. To correct this, please make sure that $(OutDir), $(TargetName) and $(TargetExt) property values match the value specified in %(Link.OutputFile).
Ethernet.obj : warning LNK4075: ignoring '/EDITANDCONTINUE' due to '/OPT:LBR' specification
  Ethernet.lib(libEthernet.obj) : MSIL .netmodule or module compiled with /GL found; restarting link with /LTCG; add /LTCG to the link command line to improve linker performance
Ethernet.obj : warning LNK4075: ignoring '/EDITANDCONTINUE' due to '/OPT:LBR' specification
     Creating library ..\Dll\Ethernet.lib and object ..\Dll\Ethernet.exp
LINK : warning LNK4098: defaultlib 'MSVCRT' conflicts with use of other libs; use /NODEFAULTLIB:library
  Generating code
  Finished generating code
Ethernet.lib(libEthernet.obj) : warning LNK4099: PDB 'EthernetLib.pdb' was not found with 'Ethernet.lib(libEthernet.obj)' or at 'C:\Users\TETCOS\Downloads\DDOS\ddos_in_iot_64bit_10.2\ddos_in_iot_64bit_10.2\Code_64bit\Dll\EthernetLib.pdb'; linking object as if no debug info
list.lib(List.obj) : warning LNK4099: PDB 'List.pdb' was not found with 'list.lib(List.obj)' or at 'C:\Users\TETCOS\Downloads\DDOS\ddos_in_iot_64bit_10.2\ddos_in_iot_64bit_10.2\Code_64bit\Dll\List.pdb'; linking object as if no debug info
  Ethernet.vcxproj -> C:\Users\TETCOS\Downloads\DDOS\ddos_in_iot_64bit_10.2\ddos_in_iot_64bit_10.2\Code_64bit\Ethernet\..\Dll\Ethernet.dll
  Ethernet.vcxproj -> ..\Dll\Ethernet.pdb (Full PDB)
